<?xml version="1.0" encoding="UTF-8"?>
<!-- Generated by org.testng.reporters.JUnitReportReporter -->
<testsuite hostname="DESKTOP-0BGV61L" failures="0" tests="1" name="com.framework.selenium.testcases.TestCase1" time="42.923" errors="0" timestamp="2022-10-26T13:57:07 BST" skipped="0">
  <testcase classname="com.framework.selenium.testcases.TestCase1" name="createProfile" time="42.923"/>
  <system-out/>
</testsuite> <!-- com.framework.selenium.testcases.TestCase1 -->
