<?xml version="1.0" encoding="UTF-8"?>
<!-- Generated by org.testng.reporters.JUnitReportReporter -->
<testsuite hostname="DESKTOP-0BGV61L" failures="0" tests="1" name="com.framework.selenium.testcases.KervDigitalTestCase" time="40.779" errors="0" timestamp="2022-10-26T16:05:19 BST" skipped="0">
  <testcase classname="com.framework.selenium.testcases.KervDigitalTestCase" name="createProfile" time="40.779"/>
  <system-out/>
</testsuite> <!-- com.framework.selenium.testcases.KervDigitalTestCase -->
