<?xml version="1.0" encoding="UTF-8"?>
<!-- Generated by org.testng.reporters.JUnitReportReporter -->
<testsuite hostname="DESKTOP-0BGV61L" failures="0" tests="1" name="com.framework.selenium.Hybrid_Framework.KervDigitalTestCase" time="37.737" errors="0" timestamp="2022-10-26T18:27:40 BST" skipped="0">
  <testcase classname="com.framework.selenium.Hybrid_Framework.KervDigitalTestCase" name="createProfile" time="37.737"/>
  <system-out/>
</testsuite> <!-- com.framework.selenium.Hybrid_Framework.KervDigitalTestCase -->
